<?xml version="1.0" encoding="UTF-8"?>
<testng-results ignored="0" total="1" passed="1" failed="0" skipped="0">
  <reporter-output>
  </reporter-output>
  <suite started-at="2022-02-18T00:47:52 EST" name="Default suite" finished-at="2022-02-18T00:47:57 EST" duration-ms="4648">
    <groups>
    </groups>
    <test started-at="2022-02-18T00:47:52 EST" name="Default test" finished-at="2022-02-18T00:47:57 EST" duration-ms="4648">
      <class name="com.generic.Base">
        <test-method signature="openBrowser()[pri:0, instance:com.generic.Base@d4342c2]" started-at="2022-02-18T00:47:52 EST" name="openBrowser" finished-at="2022-02-18T00:47:57 EST" duration-ms="4611" status="PASS">
          <reporter-output>
          </reporter-output>
        </test-method> <!-- openBrowser -->
      </class> <!-- com.generic.Base -->
    </test> <!-- Default test -->
  </suite> <!-- Default suite -->
</testng-results>
