<?xml version="1.0" encoding="UTF-8"?>
<testng-results ignored="0" total="1" passed="1" failed="0" skipped="0">
  <reporter-output>
  </reporter-output>
  <suite started-at="2022-02-18T04:07:54 EST" name="Default suite" finished-at="2022-02-18T04:08:01 EST" duration-ms="6918">
    <groups>
    </groups>
    <test started-at="2022-02-18T04:07:54 EST" name="Default test" finished-at="2022-02-18T04:08:01 EST" duration-ms="6918">
      <class name="com.generic.LoginPageEvent">
        <test-method is-config="true" signature="getLoginPage()[pri:0, instance:com.generic.LoginPageEvent@4b5a5ed1]" started-at="2022-02-18T04:07:54 EST" name="getLoginPage" finished-at="2022-02-18T04:08:01 EST" duration-ms="6324" status="PASS">
          <reporter-output>
          </reporter-output>
        </test-method> <!-- getLoginPage -->
        <test-method signature="getLogin()[pri:0, instance:com.generic.LoginPageEvent@4b5a5ed1]" started-at="2022-02-18T04:08:01 EST" name="getLogin" finished-at="2022-02-18T04:08:01 EST" duration-ms="350" status="PASS">
          <reporter-output>
          </reporter-output>
        </test-method> <!-- getLogin -->
        <test-method is-config="true" signature="tearDown()[pri:0, instance:com.generic.LoginPageEvent@4b5a5ed1]" started-at="2022-02-18T04:08:01 EST" name="tearDown" finished-at="2022-02-18T04:08:01 EST" duration-ms="200" status="PASS">
          <reporter-output>
          </reporter-output>
        </test-method> <!-- tearDown -->
      </class> <!-- com.generic.LoginPageEvent -->
    </test> <!-- Default test -->
  </suite> <!-- Default suite -->
</testng-results>
